<?xml version="1.0" encoding="UTF-8"?>
<testsuite xmlns:xsi="http://www.w3.org/2001/XMLSchema-instance" xsi:noNamespaceSchemaLocation="https://maven.apache.org/surefire/maven-surefire-plugin/xsd/surefire-test-report-3.0.xsd" version="3.0" name="Library app login feature" time="0.099" tests="1" errors="0" skipped="0" failures="0">
  <properties>
[...]
</properties>
  <testcase name="Login as student" classname="Library app login feature" time="0.099">
    <system-out><![CDATA[&amp#27;[32m&amp#27;[1m┌──────────────────────────────────────────────────────────────────────────┐&amp#27;[0m
&amp#27;[32m&amp#27;[1m│&amp#27;[0m View your Cucumber Report at:                                            &amp#27;[32m&amp#27;[1m│&amp#27;[0m
&amp#27;[32m&amp#27;[1m│&amp#27;[0m &amp#27;[1m&amp#27;[36m&amp#27;[4mhttps://reports.cucumber.io/reports/70f4490d-8bc6-4120-a7c5-af1e1e97f857&amp#27;[0m &amp#27;[32m&amp#27;[1m│&amp#27;[0m
&amp#27;[32m&amp#27;[1m│&amp#27;[0m                                                                          &amp#27;[32m&amp#27;[1m│&amp#27;[0m
&amp#27;[32m&amp#27;[1m│&amp#27;[0m &amp#27;[1mThis report will self-destruct in 24h.&amp#27;[0m                                   &amp#27;[32m&amp#27;[1m│&amp#27;[0m
&amp#27;[32m&amp#27;[1m│&amp#27;[0m Keep reports forever: &amp#27;[4m&amp#27;[1m&amp#27;[36mhttps://reports.cucumber.io/profile&amp#27;[0m                &amp#27;[32m&amp#27;[1m│&amp#27;[0m
&amp#27;[32m&amp#27;[1m└──────────────────────────────────────────────────────────────────────────┘&amp#27;[0m

@Regression @smoke @login @student
Scenario: Login as student                &amp#27;[90m# src/test/resources/features/login.feature:19&amp#27;[0m
====Setting up browser using cucumber @Before
====this will only apply to scenarios with @login tag
--------> applying setup using @BeforeStep
User is on the library login page
  &amp#27;[32mGiven &amp#27;[0m&amp#27;[32muser is on the library login page&amp#27;[0m &amp#27;[90m# com.cydeo.step_definitions.Login_StepDefinitions.userIsOnTheLibraryLoginPage()&amp#27;[0m
------------> applying teardown using @AfterStep
--------> applying setup using @BeforeStep
User enters student username
  &amp#27;[32mWhen &amp#27;[0m&amp#27;[32muser enters student username&amp#27;[0m       &amp#27;[90m# com.cydeo.step_definitions.Login_StepDefinitions.userEntersStudentUsername()&amp#27;[0m
------------> applying teardown using @AfterStep
--------> applying setup using @BeforeStep
User enters password
  &amp#27;[32mAnd &amp#27;[0m&amp#27;[32muser enters student password&amp#27;[0m        &amp#27;[90m# com.cydeo.step_definitions.Login_StepDefinitions.userEntersStudentPassword()&amp#27;[0m
------------> applying teardown using @AfterStep
--------> applying setup using @BeforeStep
User should see the dashboard
  &amp#27;[32mThen &amp#27;[0m&amp#27;[32muser should see the dashboard&amp#27;[0m      &amp#27;[90m# com.cydeo.step_definitions.Login_StepDefinitions.user_should_see_the_dashboard()&amp#27;[0m
------------> applying teardown using @AfterStep
]]></system-out>
  </testcase>
</testsuite>